<?xml version="1.0" encoding="UTF-8"?>
<testsuite xmlns:xsi="http://www.w3.org/2001/XMLSchema-instance" xsi:noNamespaceSchemaLocation="https://maven.apache.org/surefire/maven-surefire-plugin/xsd/surefire-test-report-3.0.xsd" version="3.0" name="com.hubertusseitz.MyApplicationTest" time="0.244" tests="1" errors="0" skipped="1" failures="0">
  <properties>
    <property name="java.specification.version" value="21"/>
    <property name="sun.jnu.encoding" value="UTF-8"/>
    <property name="java.class.path" value="/Users/hubertus/Developer/BA/integration/target/test-classes:/Users/hubertus/Developer/BA/integration/target/classes:/Users/hubertus/.m2/repository/org/apache/camel/camel-core-engine/4.0.0/camel-core-engine-4.0.0.jar:/Users/hubertus/.m2/repository/org/apache/camel/camel-api/4.0.0/camel-api-4.0.0.jar:/Users/hubertus/.m2/repository/jakarta/xml/bind/jakarta.xml.bind-api/4.0.0/jakarta.xml.bind-api-4.0.0.jar:/Users/hubertus/.m2/repository/org/apache/camel/camel-base-engine/4.0.0/camel-base-engine-4.0.0.jar:/Users/hubertus/.m2/repository/org/apache/camel/camel-core-reifier/4.0.0/camel-core-reifier-4.0.0.jar:/Users/hubertus/.m2/repository/org/apache/camel/camel-core-model/4.0.0/camel-core-model-4.0.0.jar:/Users/hubertus/.m2/repository/org/apache/camel/camel-core-processor/4.0.0/camel-core-processor-4.0.0.jar:/Users/hubertus/.m2/repository/org/apache/camel/camel-management-api/4.0.0/camel-management-api-4.0.0.jar:/Users/hubertus/.m2/repository/org/apache/camel/camel-support/4.0.0/camel-support-4.0.0.jar:/Users/hubertus/.m2/repository/org/apache/camel/camel-util-json/4.0.0/camel-util-json-4.0.0.jar:/Users/hubertus/.m2/repository/org/apache/camel/camel-xml-jaxp-util/4.0.0/camel-xml-jaxp-util-4.0.0.jar:/Users/hubertus/.m2/repository/org/apache/camel/camel-util/4.0.0/camel-util-4.0.0.jar:/Users/hubertus/.m2/repository/org/apache/camel/camel-main/4.0.0/camel-main-4.0.0.jar:/Users/hubertus/.m2/repository/org/apache/camel/camel-base/4.0.0/camel-base-4.0.0.jar:/Users/hubertus/.m2/repository/org/apache/camel/camel-core-languages/4.0.0/camel-core-languages-4.0.0.jar:/Users/hubertus/.m2/repository/org/apache/camel/camel-bean/4.0.0/camel-bean-4.0.0.jar:/Users/hubertus/.m2/repository/org/apache/camel/camel-log/4.0.0/camel-log-4.0.0.jar:/Users/hubertus/.m2/repository/org/apache/camel/camel-timer/4.0.0/camel-timer-4.0.0.jar:/Users/hubertus/.m2/repository/org/apache/camel/camel-rest/4.0.0/camel-rest-4.0.0.jar:/Users/hubertus/.m2/repository/org/apache/camel/camel-tooling-model/4.0.0/camel-tooling-model-4.0.0.jar:/Users/hubertus/.m2/repository/org/apache/camel/camel-direct/4.0.0/camel-direct-4.0.0.jar:/Users/hubertus/.m2/repository/org/apache/camel/camel-undertow/4.0.0/camel-undertow-4.0.0.jar:/Users/hubertus/.m2/repository/org/apache/camel/camel-cloud/4.0.0/camel-cloud-4.0.0.jar:/Users/hubertus/.m2/repository/org/apache/camel/camel-attachments/4.0.0/camel-attachments-4.0.0.jar:/Users/hubertus/.m2/repository/jakarta/activation/jakarta.activation-api/2.1.2/jakarta.activation-api-2.1.2.jar:/Users/hubertus/.m2/repository/org/apache/camel/camel-http-base/4.0.0/camel-http-base-4.0.0.jar:/Users/hubertus/.m2/repository/io/undertow/undertow-core/2.3.7.Final/undertow-core-2.3.7.Final.jar:/Users/hubertus/.m2/repository/org/jboss/logging/jboss-logging/3.4.3.Final/jboss-logging-3.4.3.Final.jar:/Users/hubertus/.m2/repository/org/jboss/xnio/xnio-api/3.8.8.Final/xnio-api-3.8.8.Final.jar:/Users/hubertus/.m2/repository/org/wildfly/common/wildfly-common/1.5.4.Final/wildfly-common-1.5.4.Final.jar:/Users/hubertus/.m2/repository/org/wildfly/client/wildfly-client-config/1.0.1.Final/wildfly-client-config-1.0.1.Final.jar:/Users/hubertus/.m2/repository/org/jboss/xnio/xnio-nio/3.8.8.Final/xnio-nio-3.8.8.Final.jar:/Users/hubertus/.m2/repository/org/jboss/threads/jboss-threads/3.5.0.Final/jboss-threads-3.5.0.Final.jar:/Users/hubertus/.m2/repository/io/undertow/undertow-servlet/2.3.7.Final/undertow-servlet-2.3.7.Final.jar:/Users/hubertus/.m2/repository/jakarta/servlet/jakarta.servlet-api/6.0.0/jakarta.servlet-api-6.0.0.jar:/Users/hubertus/.m2/repository/jakarta/annotation/jakarta.annotation-api/2.1.1/jakarta.annotation-api-2.1.1.jar:/Users/hubertus/.m2/repository/org/apache/logging/log4j/log4j-slf4j2-impl/2.19.0/log4j-slf4j2-impl-2.19.0.jar:/Users/hubertus/.m2/repository/org/slf4j/slf4j-api/2.0.0/slf4j-api-2.0.0.jar:/Users/hubertus/.m2/repository/org/apache/logging/log4j/log4j-api/2.19.0/log4j-api-2.19.0.jar:/Users/hubertus/.m2/repository/org/apache/logging/log4j/log4j-core/2.19.0/log4j-core-2.19.0.jar:/Users/hubertus/.m2/repository/org/apache/camel/camel-test-main-junit5/4.0.0/camel-test-main-junit5-4.0.0.jar:/Users/hubertus/.m2/repository/org/apache/camel/camel-test-junit5/4.0.0/camel-test-junit5-4.0.0.jar:/Users/hubertus/.m2/repository/org/apache/camel/camel-browse/4.0.0/camel-browse-4.0.0.jar:/Users/hubertus/.m2/repository/org/apache/camel/camel-controlbus/4.0.0/camel-controlbus-4.0.0.jar:/Users/hubertus/.m2/repository/org/apache/camel/camel-dataformat/4.0.0/camel-dataformat-4.0.0.jar:/Users/hubertus/.m2/repository/org/apache/camel/camel-dataset/4.0.0/camel-dataset-4.0.0.jar:/Users/hubertus/.m2/repository/org/apache/camel/camel-file/4.0.0/camel-file-4.0.0.jar:/Users/hubertus/.m2/repository/org/apache/camel/camel-cluster/4.0.0/camel-cluster-4.0.0.jar:/Users/hubertus/.m2/repository/org/apache/camel/camel-language/4.0.0/camel-language-4.0.0.jar:/Users/hubertus/.m2/repository/org/apache/camel/camel-mock/4.0.0/camel-mock-4.0.0.jar:/Users/hubertus/.m2/repository/org/apache/camel/camel-ref/4.0.0/camel-ref-4.0.0.jar:/Users/hubertus/.m2/repository/org/apache/camel/camel-saga/4.0.0/camel-saga-4.0.0.jar:/Users/hubertus/.m2/repository/org/apache/camel/camel-scheduler/4.0.0/camel-scheduler-4.0.0.jar:/Users/hubertus/.m2/repository/org/apache/camel/camel-seda/4.0.0/camel-seda-4.0.0.jar:/Users/hubertus/.m2/repository/org/apache/camel/camel-stub/4.0.0/camel-stub-4.0.0.jar:/Users/hubertus/.m2/repository/org/apache/camel/camel-validator/4.0.0/camel-validator-4.0.0.jar:/Users/hubertus/.m2/repository/org/apache/camel/camel-xml-jaxp/4.0.0/camel-xml-jaxp-4.0.0.jar:/Users/hubertus/.m2/repository/org/apache/camel/camel-xml-io-util/4.0.0/camel-xml-io-util-4.0.0.jar:/Users/hubertus/.m2/repository/org/apache/camel/camel-xpath/4.0.0/camel-xpath-4.0.0.jar:/Users/hubertus/.m2/repository/org/apache/camel/camel-xslt/4.0.0/camel-xslt-4.0.0.jar:/Users/hubertus/.m2/repository/org/junit/jupiter/junit-jupiter-api/5.9.3/junit-jupiter-api-5.9.3.jar:/Users/hubertus/.m2/repository/org/opentest4j/opentest4j/1.2.0/opentest4j-1.2.0.jar:/Users/hubertus/.m2/repository/org/junit/platform/junit-platform-commons/1.9.3/junit-platform-commons-1.9.3.jar:/Users/hubertus/.m2/repository/org/apiguardian/apiguardian-api/1.1.2/apiguardian-api-1.1.2.jar:/Users/hubertus/.m2/repository/org/junit/jupiter/junit-jupiter-engine/5.9.3/junit-jupiter-engine-5.9.3.jar:/Users/hubertus/.m2/repository/org/junit/platform/junit-platform-engine/1.9.3/junit-platform-engine-1.9.3.jar:/Users/hubertus/.m2/repository/org/junit/jupiter/junit-jupiter-params/5.9.3/junit-jupiter-params-5.9.3.jar:"/>
    <property name="java.vm.vendor" value="Eclipse Adoptium"/>
    <property name="sun.arch.data.model" value="64"/>
    <property name="java.vendor.url" value="https://adoptium.net/"/>
    <property name="user.timezone" value="Europe/Berlin"/>
    <property name="os.name" value="Mac OS X"/>
    <property name="java.vm.specification.version" value="21"/>
    <property name="sun.java.launcher" value="SUN_STANDARD"/>
    <property name="user.country" value="DE"/>
    <property name="sun.boot.library.path" value="/Users/hubertus/Library/Java/JavaVirtualMachines/temurin-21.0.2/Contents/Home/lib"/>
    <property name="sun.java.command" value="/Users/hubertus/Developer/BA/integration/target/surefire/surefirebooter-20240216115034258_3.jar /Users/hubertus/Developer/BA/integration/target/surefire 2024-02-16T11-50-34_210-jvmRun1 surefire-20240216115034258_1tmp surefire_0-20240216115034258_2tmp"/>
    <property name="jdk.debug" value="release"/>
    <property name="surefire.test.class.path" value="/Users/hubertus/Developer/BA/integration/target/test-classes:/Users/hubertus/Developer/BA/integration/target/classes:/Users/hubertus/.m2/repository/org/apache/camel/camel-core-engine/4.0.0/camel-core-engine-4.0.0.jar:/Users/hubertus/.m2/repository/org/apache/camel/camel-api/4.0.0/camel-api-4.0.0.jar:/Users/hubertus/.m2/repository/jakarta/xml/bind/jakarta.xml.bind-api/4.0.0/jakarta.xml.bind-api-4.0.0.jar:/Users/hubertus/.m2/repository/org/apache/camel/camel-base-engine/4.0.0/camel-base-engine-4.0.0.jar:/Users/hubertus/.m2/repository/org/apache/camel/camel-core-reifier/4.0.0/camel-core-reifier-4.0.0.jar:/Users/hubertus/.m2/repository/org/apache/camel/camel-core-model/4.0.0/camel-core-model-4.0.0.jar:/Users/hubertus/.m2/repository/org/apache/camel/camel-core-processor/4.0.0/camel-core-processor-4.0.0.jar:/Users/hubertus/.m2/repository/org/apache/camel/camel-management-api/4.0.0/camel-management-api-4.0.0.jar:/Users/hubertus/.m2/repository/org/apache/camel/camel-support/4.0.0/camel-support-4.0.0.jar:/Users/hubertus/.m2/repository/org/apache/camel/camel-util-json/4.0.0/camel-util-json-4.0.0.jar:/Users/hubertus/.m2/repository/org/apache/camel/camel-xml-jaxp-util/4.0.0/camel-xml-jaxp-util-4.0.0.jar:/Users/hubertus/.m2/repository/org/apache/camel/camel-util/4.0.0/camel-util-4.0.0.jar:/Users/hubertus/.m2/repository/org/apache/camel/camel-main/4.0.0/camel-main-4.0.0.jar:/Users/hubertus/.m2/repository/org/apache/camel/camel-base/4.0.0/camel-base-4.0.0.jar:/Users/hubertus/.m2/repository/org/apache/camel/camel-core-languages/4.0.0/camel-core-languages-4.0.0.jar:/Users/hubertus/.m2/repository/org/apache/camel/camel-bean/4.0.0/camel-bean-4.0.0.jar:/Users/hubertus/.m2/repository/org/apache/camel/camel-log/4.0.0/camel-log-4.0.0.jar:/Users/hubertus/.m2/repository/org/apache/camel/camel-timer/4.0.0/camel-timer-4.0.0.jar:/Users/hubertus/.m2/repository/org/apache/camel/camel-rest/4.0.0/camel-rest-4.0.0.jar:/Users/hubertus/.m2/repository/org/apache/camel/camel-tooling-model/4.0.0/camel-tooling-model-4.0.0.jar:/Users/hubertus/.m2/repository/org/apache/camel/camel-direct/4.0.0/camel-direct-4.0.0.jar:/Users/hubertus/.m2/repository/org/apache/camel/camel-undertow/4.0.0/camel-undertow-4.0.0.jar:/Users/hubertus/.m2/repository/org/apache/camel/camel-cloud/4.0.0/camel-cloud-4.0.0.jar:/Users/hubertus/.m2/repository/org/apache/camel/camel-attachments/4.0.0/camel-attachments-4.0.0.jar:/Users/hubertus/.m2/repository/jakarta/activation/jakarta.activation-api/2.1.2/jakarta.activation-api-2.1.2.jar:/Users/hubertus/.m2/repository/org/apache/camel/camel-http-base/4.0.0/camel-http-base-4.0.0.jar:/Users/hubertus/.m2/repository/io/undertow/undertow-core/2.3.7.Final/undertow-core-2.3.7.Final.jar:/Users/hubertus/.m2/repository/org/jboss/logging/jboss-logging/3.4.3.Final/jboss-logging-3.4.3.Final.jar:/Users/hubertus/.m2/repository/org/jboss/xnio/xnio-api/3.8.8.Final/xnio-api-3.8.8.Final.jar:/Users/hubertus/.m2/repository/org/wildfly/common/wildfly-common/1.5.4.Final/wildfly-common-1.5.4.Final.jar:/Users/hubertus/.m2/repository/org/wildfly/client/wildfly-client-config/1.0.1.Final/wildfly-client-config-1.0.1.Final.jar:/Users/hubertus/.m2/repository/org/jboss/xnio/xnio-nio/3.8.8.Final/xnio-nio-3.8.8.Final.jar:/Users/hubertus/.m2/repository/org/jboss/threads/jboss-threads/3.5.0.Final/jboss-threads-3.5.0.Final.jar:/Users/hubertus/.m2/repository/io/undertow/undertow-servlet/2.3.7.Final/undertow-servlet-2.3.7.Final.jar:/Users/hubertus/.m2/repository/jakarta/servlet/jakarta.servlet-api/6.0.0/jakarta.servlet-api-6.0.0.jar:/Users/hubertus/.m2/repository/jakarta/annotation/jakarta.annotation-api/2.1.1/jakarta.annotation-api-2.1.1.jar:/Users/hubertus/.m2/repository/org/apache/logging/log4j/log4j-slf4j2-impl/2.19.0/log4j-slf4j2-impl-2.19.0.jar:/Users/hubertus/.m2/repository/org/slf4j/slf4j-api/2.0.0/slf4j-api-2.0.0.jar:/Users/hubertus/.m2/repository/org/apache/logging/log4j/log4j-api/2.19.0/log4j-api-2.19.0.jar:/Users/hubertus/.m2/repository/org/apache/logging/log4j/log4j-core/2.19.0/log4j-core-2.19.0.jar:/Users/hubertus/.m2/repository/org/apache/camel/camel-test-main-junit5/4.0.0/camel-test-main-junit5-4.0.0.jar:/Users/hubertus/.m2/repository/org/apache/camel/camel-test-junit5/4.0.0/camel-test-junit5-4.0.0.jar:/Users/hubertus/.m2/repository/org/apache/camel/camel-browse/4.0.0/camel-browse-4.0.0.jar:/Users/hubertus/.m2/repository/org/apache/camel/camel-controlbus/4.0.0/camel-controlbus-4.0.0.jar:/Users/hubertus/.m2/repository/org/apache/camel/camel-dataformat/4.0.0/camel-dataformat-4.0.0.jar:/Users/hubertus/.m2/repository/org/apache/camel/camel-dataset/4.0.0/camel-dataset-4.0.0.jar:/Users/hubertus/.m2/repository/org/apache/camel/camel-file/4.0.0/camel-file-4.0.0.jar:/Users/hubertus/.m2/repository/org/apache/camel/camel-cluster/4.0.0/camel-cluster-4.0.0.jar:/Users/hubertus/.m2/repository/org/apache/camel/camel-language/4.0.0/camel-language-4.0.0.jar:/Users/hubertus/.m2/repository/org/apache/camel/camel-mock/4.0.0/camel-mock-4.0.0.jar:/Users/hubertus/.m2/repository/org/apache/camel/camel-ref/4.0.0/camel-ref-4.0.0.jar:/Users/hubertus/.m2/repository/org/apache/camel/camel-saga/4.0.0/camel-saga-4.0.0.jar:/Users/hubertus/.m2/repository/org/apache/camel/camel-scheduler/4.0.0/camel-scheduler-4.0.0.jar:/Users/hubertus/.m2/repository/org/apache/camel/camel-seda/4.0.0/camel-seda-4.0.0.jar:/Users/hubertus/.m2/repository/org/apache/camel/camel-stub/4.0.0/camel-stub-4.0.0.jar:/Users/hubertus/.m2/repository/org/apache/camel/camel-validator/4.0.0/camel-validator-4.0.0.jar:/Users/hubertus/.m2/repository/org/apache/camel/camel-xml-jaxp/4.0.0/camel-xml-jaxp-4.0.0.jar:/Users/hubertus/.m2/repository/org/apache/camel/camel-xml-io-util/4.0.0/camel-xml-io-util-4.0.0.jar:/Users/hubertus/.m2/repository/org/apache/camel/camel-xpath/4.0.0/camel-xpath-4.0.0.jar:/Users/hubertus/.m2/repository/org/apache/camel/camel-xslt/4.0.0/camel-xslt-4.0.0.jar:/Users/hubertus/.m2/repository/org/junit/jupiter/junit-jupiter-api/5.9.3/junit-jupiter-api-5.9.3.jar:/Users/hubertus/.m2/repository/org/opentest4j/opentest4j/1.2.0/opentest4j-1.2.0.jar:/Users/hubertus/.m2/repository/org/junit/platform/junit-platform-commons/1.9.3/junit-platform-commons-1.9.3.jar:/Users/hubertus/.m2/repository/org/apiguardian/apiguardian-api/1.1.2/apiguardian-api-1.1.2.jar:/Users/hubertus/.m2/repository/org/junit/jupiter/junit-jupiter-engine/5.9.3/junit-jupiter-engine-5.9.3.jar:/Users/hubertus/.m2/repository/org/junit/platform/junit-platform-engine/1.9.3/junit-platform-engine-1.9.3.jar:/Users/hubertus/.m2/repository/org/junit/jupiter/junit-jupiter-params/5.9.3/junit-jupiter-params-5.9.3.jar:"/>
    <property name="sun.cpu.endian" value="little"/>
    <property name="user.home" value="/Users/hubertus"/>
    <property name="user.language" value="en"/>
    <property name="java.specification.vendor" value="Oracle Corporation"/>
    <property name="java.version.date" value="2024-01-16"/>
    <property name="java.home" value="/Users/hubertus/Library/Java/JavaVirtualMachines/temurin-21.0.2/Contents/Home"/>
    <property name="file.separator" value="/"/>
    <property name="basedir" value="/Users/hubertus/Developer/BA/integration"/>
    <property name="java.vm.compressedOopsMode" value="Zero based"/>
    <property name="line.separator" value="&#10;"/>
    <property name="java.vm.specification.vendor" value="Oracle Corporation"/>
    <property name="java.specification.name" value="Java Platform API Specification"/>
    <property name="apple.awt.application.name" value="ForkedBooter"/>
    <property name="surefire.real.class.path" value="/Users/hubertus/Developer/BA/integration/target/surefire/surefirebooter-20240216115034258_3.jar"/>
    <property name="sun.management.compiler" value="HotSpot 64-Bit Tiered Compilers"/>
    <property name="java.runtime.version" value="21.0.2+13-LTS"/>
    <property name="user.name" value="hubertus"/>
    <property name="stdout.encoding" value="UTF-8"/>
    <property name="path.separator" value=":"/>
    <property name="os.version" value="14.3.1"/>
    <property name="java.runtime.name" value="OpenJDK Runtime Environment"/>
    <property name="file.encoding" value="UTF-8"/>
    <property name="java.vm.name" value="OpenJDK 64-Bit Server VM"/>
    <property name="java.vendor.version" value="Temurin-21.0.2+13"/>
    <property name="localRepository" value="/Users/hubertus/.m2/repository"/>
    <property name="java.vendor.url.bug" value="https://github.com/adoptium/adoptium-support/issues"/>
    <property name="java.io.tmpdir" value="/var/folders/7r/yzfh846s7fz1nczxn9rb7d4m0000gn/T/"/>
    <property name="idea.version" value="2023.3.4"/>
    <property name="java.version" value="21.0.2"/>
    <property name="user.dir" value="/Users/hubertus/Developer/BA/integration"/>
    <property name="os.arch" value="aarch64"/>
    <property name="java.vm.specification.name" value="Java Virtual Machine Specification"/>
    <property name="native.encoding" value="UTF-8"/>
    <property name="java.library.path" value="/Users/hubertus/Library/Java/Extensions:/Library/Java/Extensions:/Network/Library/Java/Extensions:/System/Library/Java/Extensions:/usr/lib/java:."/>
    <property name="java.vm.info" value="mixed mode"/>
    <property name="stderr.encoding" value="UTF-8"/>
    <property name="java.vendor" value="Eclipse Adoptium"/>
    <property name="java.vm.version" value="21.0.2+13-LTS"/>
    <property name="sun.io.unicode.encoding" value="UnicodeBig"/>
    <property name="java.class.version" value="65.0"/>
  </properties>
  <testcase name="should_complete_the_auto_detected_route" classname="com.hubertusseitz.MyApplicationTest" time="0.0">
    <skipped message="void com.hubertusseitz.MyApplicationTest.should_complete_the_auto_detected_route() is @Disabled"/>
  </testcase>
</testsuite>