<?xml version="1.0" encoding="UTF-8"?>
<testsuite xmlns:xsi="http://www.w3.org/2001/XMLSchema-instance" xsi:noNamespaceSchemaLocation="https://maven.apache.org/surefire/maven-surefire-plugin/xsd/surefire-test-report-3.0.xsd" version="3.0" name="org.example.MyApplicationTest" time="1.44" tests="1" errors="0" skipped="0" failures="0">
  <properties>
    <property name="java.specification.version" value="21"/>
    <property name="sun.jnu.encoding" value="UTF-8"/>
    <property name="java.class.path" value="/Users/hubertus/Developer/BA/integration/target/test-classes:/Users/hubertus/Developer/BA/integration/target/classes:/Users/hubertus/.m2/repository/org/apache/camel/camel-core-engine/4.0.0/camel-core-engine-4.0.0.jar:/Users/hubertus/.m2/repository/org/apache/camel/camel-api/4.0.0/camel-api-4.0.0.jar:/Users/hubertus/.m2/repository/jakarta/xml/bind/jakarta.xml.bind-api/4.0.0/jakarta.xml.bind-api-4.0.0.jar:/Users/hubertus/.m2/repository/jakarta/activation/jakarta.activation-api/2.1.0/jakarta.activation-api-2.1.0.jar:/Users/hubertus/.m2/repository/org/apache/camel/camel-base-engine/4.0.0/camel-base-engine-4.0.0.jar:/Users/hubertus/.m2/repository/org/apache/camel/camel-core-reifier/4.0.0/camel-core-reifier-4.0.0.jar:/Users/hubertus/.m2/repository/org/apache/camel/camel-core-model/4.0.0/camel-core-model-4.0.0.jar:/Users/hubertus/.m2/repository/org/apache/camel/camel-core-processor/4.0.0/camel-core-processor-4.0.0.jar:/Users/hubertus/.m2/repository/org/apache/camel/camel-management-api/4.0.0/camel-management-api-4.0.0.jar:/Users/hubertus/.m2/repository/org/apache/camel/camel-support/4.0.0/camel-support-4.0.0.jar:/Users/hubertus/.m2/repository/org/apache/camel/camel-util-json/4.0.0/camel-util-json-4.0.0.jar:/Users/hubertus/.m2/repository/org/apache/camel/camel-xml-jaxp-util/4.0.0/camel-xml-jaxp-util-4.0.0.jar:/Users/hubertus/.m2/repository/org/apache/camel/camel-util/4.0.0/camel-util-4.0.0.jar:/Users/hubertus/.m2/repository/org/apache/camel/camel-main/4.0.0/camel-main-4.0.0.jar:/Users/hubertus/.m2/repository/org/apache/camel/camel-base/4.0.0/camel-base-4.0.0.jar:/Users/hubertus/.m2/repository/org/apache/camel/camel-core-languages/4.0.0/camel-core-languages-4.0.0.jar:/Users/hubertus/.m2/repository/org/apache/camel/camel-bean/4.0.0/camel-bean-4.0.0.jar:/Users/hubertus/.m2/repository/org/apache/camel/camel-log/4.0.0/camel-log-4.0.0.jar:/Users/hubertus/.m2/repository/org/apache/camel/camel-timer/4.0.0/camel-timer-4.0.0.jar:/Users/hubertus/.m2/repository/org/apache/logging/log4j/log4j-slf4j2-impl/2.19.0/log4j-slf4j2-impl-2.19.0.jar:/Users/hubertus/.m2/repository/org/slf4j/slf4j-api/2.0.0/slf4j-api-2.0.0.jar:/Users/hubertus/.m2/repository/org/apache/logging/log4j/log4j-api/2.19.0/log4j-api-2.19.0.jar:/Users/hubertus/.m2/repository/org/apache/logging/log4j/log4j-core/2.19.0/log4j-core-2.19.0.jar:/Users/hubertus/.m2/repository/org/apache/camel/camel-test-main-junit5/4.0.0/camel-test-main-junit5-4.0.0.jar:/Users/hubertus/.m2/repository/org/apache/camel/camel-test-junit5/4.0.0/camel-test-junit5-4.0.0.jar:/Users/hubertus/.m2/repository/org/apache/camel/camel-browse/4.0.0/camel-browse-4.0.0.jar:/Users/hubertus/.m2/repository/org/apache/camel/camel-controlbus/4.0.0/camel-controlbus-4.0.0.jar:/Users/hubertus/.m2/repository/org/apache/camel/camel-dataformat/4.0.0/camel-dataformat-4.0.0.jar:/Users/hubertus/.m2/repository/org/apache/camel/camel-dataset/4.0.0/camel-dataset-4.0.0.jar:/Users/hubertus/.m2/repository/org/apache/camel/camel-direct/4.0.0/camel-direct-4.0.0.jar:/Users/hubertus/.m2/repository/org/apache/camel/camel-file/4.0.0/camel-file-4.0.0.jar:/Users/hubertus/.m2/repository/org/apache/camel/camel-cluster/4.0.0/camel-cluster-4.0.0.jar:/Users/hubertus/.m2/repository/org/apache/camel/camel-language/4.0.0/camel-language-4.0.0.jar:/Users/hubertus/.m2/repository/org/apache/camel/camel-mock/4.0.0/camel-mock-4.0.0.jar:/Users/hubertus/.m2/repository/org/apache/camel/camel-ref/4.0.0/camel-ref-4.0.0.jar:/Users/hubertus/.m2/repository/org/apache/camel/camel-rest/4.0.0/camel-rest-4.0.0.jar:/Users/hubertus/.m2/repository/org/apache/camel/camel-tooling-model/4.0.0/camel-tooling-model-4.0.0.jar:/Users/hubertus/.m2/repository/org/apache/camel/camel-saga/4.0.0/camel-saga-4.0.0.jar:/Users/hubertus/.m2/repository/org/apache/camel/camel-scheduler/4.0.0/camel-scheduler-4.0.0.jar:/Users/hubertus/.m2/repository/org/apache/camel/camel-seda/4.0.0/camel-seda-4.0.0.jar:/Users/hubertus/.m2/repository/org/apache/camel/camel-stub/4.0.0/camel-stub-4.0.0.jar:/Users/hubertus/.m2/repository/org/apache/camel/camel-validator/4.0.0/camel-validator-4.0.0.jar:/Users/hubertus/.m2/repository/org/apache/camel/camel-xml-jaxp/4.0.0/camel-xml-jaxp-4.0.0.jar:/Users/hubertus/.m2/repository/org/apache/camel/camel-xml-io-util/4.0.0/camel-xml-io-util-4.0.0.jar:/Users/hubertus/.m2/repository/org/apache/camel/camel-xpath/4.0.0/camel-xpath-4.0.0.jar:/Users/hubertus/.m2/repository/org/apache/camel/camel-xslt/4.0.0/camel-xslt-4.0.0.jar:/Users/hubertus/.m2/repository/org/junit/jupiter/junit-jupiter-api/5.9.3/junit-jupiter-api-5.9.3.jar:/Users/hubertus/.m2/repository/org/opentest4j/opentest4j/1.2.0/opentest4j-1.2.0.jar:/Users/hubertus/.m2/repository/org/junit/platform/junit-platform-commons/1.9.3/junit-platform-commons-1.9.3.jar:/Users/hubertus/.m2/repository/org/apiguardian/apiguardian-api/1.1.2/apiguardian-api-1.1.2.jar:/Users/hubertus/.m2/repository/org/junit/jupiter/junit-jupiter-engine/5.9.3/junit-jupiter-engine-5.9.3.jar:/Users/hubertus/.m2/repository/org/junit/platform/junit-platform-engine/1.9.3/junit-platform-engine-1.9.3.jar:/Users/hubertus/.m2/repository/org/junit/jupiter/junit-jupiter-params/5.9.3/junit-jupiter-params-5.9.3.jar:"/>
    <property name="java.vm.vendor" value="Homebrew"/>
    <property name="sun.arch.data.model" value="64"/>
    <property name="java.vendor.url" value="https://github.com/Homebrew/homebrew-core/issues"/>
    <property name="user.timezone" value="Europe/Berlin"/>
    <property name="os.name" value="Mac OS X"/>
    <property name="java.vm.specification.version" value="21"/>
    <property name="sun.java.launcher" value="SUN_STANDARD"/>
    <property name="user.country" value="DE"/>
    <property name="sun.boot.library.path" value="/opt/homebrew/Cellar/openjdk/21.0.1/libexec/openjdk.jdk/Contents/Home/lib"/>
    <property name="sun.java.command" value="/Users/hubertus/Developer/BA/integration/target/surefire/surefirebooter-20240214151002988_3.jar /Users/hubertus/Developer/BA/integration/target/surefire 2024-02-14T15-10-02_603-jvmRun1 surefire-20240214151002988_1tmp surefire_0-20240214151002988_2tmp"/>
    <property name="http.nonProxyHosts" value="local|*.local|169.254/16|*.169.254/16"/>
    <property name="jdk.debug" value="release"/>
    <property name="surefire.test.class.path" value="/Users/hubertus/Developer/BA/integration/target/test-classes:/Users/hubertus/Developer/BA/integration/target/classes:/Users/hubertus/.m2/repository/org/apache/camel/camel-core-engine/4.0.0/camel-core-engine-4.0.0.jar:/Users/hubertus/.m2/repository/org/apache/camel/camel-api/4.0.0/camel-api-4.0.0.jar:/Users/hubertus/.m2/repository/jakarta/xml/bind/jakarta.xml.bind-api/4.0.0/jakarta.xml.bind-api-4.0.0.jar:/Users/hubertus/.m2/repository/jakarta/activation/jakarta.activation-api/2.1.0/jakarta.activation-api-2.1.0.jar:/Users/hubertus/.m2/repository/org/apache/camel/camel-base-engine/4.0.0/camel-base-engine-4.0.0.jar:/Users/hubertus/.m2/repository/org/apache/camel/camel-core-reifier/4.0.0/camel-core-reifier-4.0.0.jar:/Users/hubertus/.m2/repository/org/apache/camel/camel-core-model/4.0.0/camel-core-model-4.0.0.jar:/Users/hubertus/.m2/repository/org/apache/camel/camel-core-processor/4.0.0/camel-core-processor-4.0.0.jar:/Users/hubertus/.m2/repository/org/apache/camel/camel-management-api/4.0.0/camel-management-api-4.0.0.jar:/Users/hubertus/.m2/repository/org/apache/camel/camel-support/4.0.0/camel-support-4.0.0.jar:/Users/hubertus/.m2/repository/org/apache/camel/camel-util-json/4.0.0/camel-util-json-4.0.0.jar:/Users/hubertus/.m2/repository/org/apache/camel/camel-xml-jaxp-util/4.0.0/camel-xml-jaxp-util-4.0.0.jar:/Users/hubertus/.m2/repository/org/apache/camel/camel-util/4.0.0/camel-util-4.0.0.jar:/Users/hubertus/.m2/repository/org/apache/camel/camel-main/4.0.0/camel-main-4.0.0.jar:/Users/hubertus/.m2/repository/org/apache/camel/camel-base/4.0.0/camel-base-4.0.0.jar:/Users/hubertus/.m2/repository/org/apache/camel/camel-core-languages/4.0.0/camel-core-languages-4.0.0.jar:/Users/hubertus/.m2/repository/org/apache/camel/camel-bean/4.0.0/camel-bean-4.0.0.jar:/Users/hubertus/.m2/repository/org/apache/camel/camel-log/4.0.0/camel-log-4.0.0.jar:/Users/hubertus/.m2/repository/org/apache/camel/camel-timer/4.0.0/camel-timer-4.0.0.jar:/Users/hubertus/.m2/repository/org/apache/logging/log4j/log4j-slf4j2-impl/2.19.0/log4j-slf4j2-impl-2.19.0.jar:/Users/hubertus/.m2/repository/org/slf4j/slf4j-api/2.0.0/slf4j-api-2.0.0.jar:/Users/hubertus/.m2/repository/org/apache/logging/log4j/log4j-api/2.19.0/log4j-api-2.19.0.jar:/Users/hubertus/.m2/repository/org/apache/logging/log4j/log4j-core/2.19.0/log4j-core-2.19.0.jar:/Users/hubertus/.m2/repository/org/apache/camel/camel-test-main-junit5/4.0.0/camel-test-main-junit5-4.0.0.jar:/Users/hubertus/.m2/repository/org/apache/camel/camel-test-junit5/4.0.0/camel-test-junit5-4.0.0.jar:/Users/hubertus/.m2/repository/org/apache/camel/camel-browse/4.0.0/camel-browse-4.0.0.jar:/Users/hubertus/.m2/repository/org/apache/camel/camel-controlbus/4.0.0/camel-controlbus-4.0.0.jar:/Users/hubertus/.m2/repository/org/apache/camel/camel-dataformat/4.0.0/camel-dataformat-4.0.0.jar:/Users/hubertus/.m2/repository/org/apache/camel/camel-dataset/4.0.0/camel-dataset-4.0.0.jar:/Users/hubertus/.m2/repository/org/apache/camel/camel-direct/4.0.0/camel-direct-4.0.0.jar:/Users/hubertus/.m2/repository/org/apache/camel/camel-file/4.0.0/camel-file-4.0.0.jar:/Users/hubertus/.m2/repository/org/apache/camel/camel-cluster/4.0.0/camel-cluster-4.0.0.jar:/Users/hubertus/.m2/repository/org/apache/camel/camel-language/4.0.0/camel-language-4.0.0.jar:/Users/hubertus/.m2/repository/org/apache/camel/camel-mock/4.0.0/camel-mock-4.0.0.jar:/Users/hubertus/.m2/repository/org/apache/camel/camel-ref/4.0.0/camel-ref-4.0.0.jar:/Users/hubertus/.m2/repository/org/apache/camel/camel-rest/4.0.0/camel-rest-4.0.0.jar:/Users/hubertus/.m2/repository/org/apache/camel/camel-tooling-model/4.0.0/camel-tooling-model-4.0.0.jar:/Users/hubertus/.m2/repository/org/apache/camel/camel-saga/4.0.0/camel-saga-4.0.0.jar:/Users/hubertus/.m2/repository/org/apache/camel/camel-scheduler/4.0.0/camel-scheduler-4.0.0.jar:/Users/hubertus/.m2/repository/org/apache/camel/camel-seda/4.0.0/camel-seda-4.0.0.jar:/Users/hubertus/.m2/repository/org/apache/camel/camel-stub/4.0.0/camel-stub-4.0.0.jar:/Users/hubertus/.m2/repository/org/apache/camel/camel-validator/4.0.0/camel-validator-4.0.0.jar:/Users/hubertus/.m2/repository/org/apache/camel/camel-xml-jaxp/4.0.0/camel-xml-jaxp-4.0.0.jar:/Users/hubertus/.m2/repository/org/apache/camel/camel-xml-io-util/4.0.0/camel-xml-io-util-4.0.0.jar:/Users/hubertus/.m2/repository/org/apache/camel/camel-xpath/4.0.0/camel-xpath-4.0.0.jar:/Users/hubertus/.m2/repository/org/apache/camel/camel-xslt/4.0.0/camel-xslt-4.0.0.jar:/Users/hubertus/.m2/repository/org/junit/jupiter/junit-jupiter-api/5.9.3/junit-jupiter-api-5.9.3.jar:/Users/hubertus/.m2/repository/org/opentest4j/opentest4j/1.2.0/opentest4j-1.2.0.jar:/Users/hubertus/.m2/repository/org/junit/platform/junit-platform-commons/1.9.3/junit-platform-commons-1.9.3.jar:/Users/hubertus/.m2/repository/org/apiguardian/apiguardian-api/1.1.2/apiguardian-api-1.1.2.jar:/Users/hubertus/.m2/repository/org/junit/jupiter/junit-jupiter-engine/5.9.3/junit-jupiter-engine-5.9.3.jar:/Users/hubertus/.m2/repository/org/junit/platform/junit-platform-engine/1.9.3/junit-platform-engine-1.9.3.jar:/Users/hubertus/.m2/repository/org/junit/jupiter/junit-jupiter-params/5.9.3/junit-jupiter-params-5.9.3.jar:"/>
    <property name="sun.cpu.endian" value="little"/>
    <property name="user.home" value="/Users/hubertus"/>
    <property name="user.language" value="en"/>
    <property name="java.specification.vendor" value="Oracle Corporation"/>
    <property name="java.version.date" value="2023-10-17"/>
    <property name="java.home" value="/opt/homebrew/Cellar/openjdk/21.0.1/libexec/openjdk.jdk/Contents/Home"/>
    <property name="file.separator" value="/"/>
    <property name="basedir" value="/Users/hubertus/Developer/BA/integration"/>
    <property name="java.vm.compressedOopsMode" value="Zero based"/>
    <property name="line.separator" value="&#10;"/>
    <property name="java.vm.specification.vendor" value="Oracle Corporation"/>
    <property name="java.specification.name" value="Java Platform API Specification"/>
    <property name="apple.awt.application.name" value="ForkedBooter"/>
    <property name="surefire.real.class.path" value="/Users/hubertus/Developer/BA/integration/target/surefire/surefirebooter-20240214151002988_3.jar"/>
    <property name="sun.management.compiler" value="HotSpot 64-Bit Tiered Compilers"/>
    <property name="ftp.nonProxyHosts" value="local|*.local|169.254/16|*.169.254/16"/>
    <property name="java.runtime.version" value="21.0.1"/>
    <property name="user.name" value="hubertus"/>
    <property name="stdout.encoding" value="UTF-8"/>
    <property name="path.separator" value=":"/>
    <property name="os.version" value="14.3.1"/>
    <property name="java.runtime.name" value="OpenJDK Runtime Environment"/>
    <property name="file.encoding" value="UTF-8"/>
    <property name="java.vm.name" value="OpenJDK 64-Bit Server VM"/>
    <property name="java.vendor.version" value="Homebrew"/>
    <property name="localRepository" value="/Users/hubertus/.m2/repository"/>
    <property name="java.vendor.url.bug" value="https://github.com/Homebrew/homebrew-core/issues"/>
    <property name="java.io.tmpdir" value="/var/folders/7r/yzfh846s7fz1nczxn9rb7d4m0000gn/T/"/>
    <property name="java.version" value="21.0.1"/>
    <property name="user.dir" value="/Users/hubertus/Developer/BA/integration"/>
    <property name="os.arch" value="aarch64"/>
    <property name="java.vm.specification.name" value="Java Virtual Machine Specification"/>
    <property name="native.encoding" value="UTF-8"/>
    <property name="java.library.path" value="/Users/hubertus/Library/Java/Extensions:/Library/Java/Extensions:/Network/Library/Java/Extensions:/System/Library/Java/Extensions:/usr/lib/java:."/>
    <property name="java.vm.info" value="mixed mode, sharing"/>
    <property name="stderr.encoding" value="UTF-8"/>
    <property name="java.vendor" value="Homebrew"/>
    <property name="java.vm.version" value="21.0.1"/>
    <property name="sun.io.unicode.encoding" value="UnicodeBig"/>
    <property name="socksNonProxyHosts" value="local|*.local|169.254/16|*.169.254/16"/>
    <property name="java.class.version" value="65.0"/>
  </properties>
  <testcase name="should_complete_the_auto_detected_route" classname="org.example.MyApplicationTest" time="1.199">
    <system-out><![CDATA[[                          main] CamelTestSupport               INFO  ********************************************************************************
[                          main] CamelTestSupport               INFO  Testing: should_complete_the_auto_detected_route() (org.example.MyApplicationTest)
[                          main] CamelTestSupport               INFO  ********************************************************************************
[                          main] BaseMainSupport                INFO  Classpath scanning enabled from base package: org.example
[                          main] BaseMainSupport                INFO  Auto-configuration summary
[                          main] BaseMainSupport                INFO      [application.properties]       camel.main.name=MyTimerCamel
[                          main] AbstractCamelContext           INFO  Apache Camel 4.0.0 (MyTimerCamel) is starting
[                          main] BaseMainSupport                INFO  Property-placeholders summary
[                          main] BaseMainSupport                INFO      [application.properties]       hi=Hello
[                          main] BaseMainSupport                INFO      [application.properties]       bye=Goodbye
[                          main] BaseMainSupport                INFO      [application.properties]       myPeriod=3000
[                          main] AbstractCamelContext           INFO  Routes startup (started:1)
[                          main] AbstractCamelContext           INFO      Started route1 (timer://foo)
[                          main] AbstractCamelContext           INFO  Apache Camel 4.0.0 (MyTimerCamel) started in 5ms (build:0ms init:0ms start:5ms)
[mel-1) thread #1 - timer://foo] route1                         INFO  Hello how are you?
[mel-1) thread #1 - timer://foo] route1                         INFO  Goodbye World
[                          main] CamelTestSupport               INFO  ********************************************************************************
[                          main] CamelTestSupport               INFO  Testing done: should_complete_the_auto_detected_route() (org.example.MyApplicationTest)
[                          main] CamelTestSupport               INFO  Took: 1s25ms (1025 millis)
[                          main] CamelTestSupport               INFO  ********************************************************************************
[                          main] AbstractCamelContext           INFO  Apache Camel 4.0.0 (MyTimerCamel) is shutting down (timeout:10s)
[                          main] AbstractCamelContext           INFO  Routes stopped (stopped:1)
[                          main] AbstractCamelContext           INFO      Stopped route1 (timer://foo)
[                          main] AbstractCamelContext           INFO  Apache Camel 4.0.0 (MyTimerCamel) shutdown in 7ms (uptime:1s)
]]></system-out>
  </testcase>
</testsuite>